mode: atomic
github.com/phaesoo/keybox/pkg/encrypt/encrypt.go:17.51,18.20 1 1
github.com/phaesoo/keybox/pkg/encrypt/encrypt.go:22.2,23.16 2 1
github.com/phaesoo/keybox/pkg/encrypt/encrypt.go:26.2,26.31 1 1
github.com/phaesoo/keybox/pkg/encrypt/encrypt.go:18.20,20.3 1 0
github.com/phaesoo/keybox/pkg/encrypt/encrypt.go:23.16,25.3 1 0
github.com/phaesoo/keybox/pkg/encrypt/encrypt.go:29.63,34.16 4 1
github.com/phaesoo/keybox/pkg/encrypt/encrypt.go:38.2,41.65 3 1
github.com/phaesoo/keybox/pkg/encrypt/encrypt.go:34.16,36.3 1 0
github.com/phaesoo/keybox/pkg/encrypt/encrypt.go:44.63,46.16 2 1
github.com/phaesoo/keybox/pkg/encrypt/encrypt.go:49.2,56.58 6 1
github.com/phaesoo/keybox/pkg/encrypt/encrypt.go:46.16,48.3 1 0
github.com/phaesoo/keybox/internal/repo/db/auth_key.go:10.69,28.61 2 4
github.com/phaesoo/keybox/internal/repo/db/auth_key.go:32.2,38.8 1 2
github.com/phaesoo/keybox/internal/repo/db/auth_key.go:28.61,30.3 1 2
github.com/phaesoo/keybox/internal/repo/db/auth_key.go:41.56,42.69 1 3
github.com/phaesoo/keybox/internal/repo/db/auth_key.go:42.69,48.3 2 3
github.com/phaesoo/keybox/internal/repo/db/auth_key.go:51.57,57.2 2 1
github.com/phaesoo/keybox/internal/repo/db/db.go:13.49,15.2 1 1
github.com/phaesoo/keybox/internal/repo/db/testsuite.go:16.34,21.16 4 1
github.com/phaesoo/keybox/internal/repo/db/testsuite.go:25.2,26.16 2 1
github.com/phaesoo/keybox/internal/repo/db/testsuite.go:29.2,29.13 1 1
github.com/phaesoo/keybox/internal/repo/db/testsuite.go:21.16,22.13 1 0
github.com/phaesoo/keybox/internal/repo/db/testsuite.go:26.16,27.13 1 0
github.com/phaesoo/keybox/internal/repo/db/testsuite.go:32.29,35.36 3 1
github.com/phaesoo/keybox/internal/repo/db/testsuite.go:35.36,36.13 1 0
github.com/phaesoo/keybox/internal/repo/db/testsuite.go:40.37,42.2 1 1
github.com/phaesoo/keybox/pkg/pem/pem.go:11.69,14.2 2 2
github.com/phaesoo/keybox/pkg/pem/pem.go:16.69,24.2 2 1
github.com/phaesoo/keybox/pkg/pem/pem.go:26.79,28.18 2 1
github.com/phaesoo/keybox/pkg/pem/pem.go:31.2,31.47 1 1
github.com/phaesoo/keybox/pkg/pem/pem.go:28.18,30.3 1 0
github.com/phaesoo/keybox/pkg/pem/pem.go:34.72,36.16 2 1
github.com/phaesoo/keybox/pkg/pem/pem.go:39.2,46.31 2 1
github.com/phaesoo/keybox/pkg/pem/pem.go:36.16,38.3 1 0
github.com/phaesoo/keybox/pkg/pem/pem.go:49.76,51.18 2 1
github.com/phaesoo/keybox/pkg/pem/pem.go:55.2,56.16 2 1
github.com/phaesoo/keybox/pkg/pem/pem.go:60.2,60.27 1 1
github.com/phaesoo/keybox/pkg/pem/pem.go:66.2,66.47 1 0
github.com/phaesoo/keybox/pkg/pem/pem.go:51.18,53.3 1 0
github.com/phaesoo/keybox/pkg/pem/pem.go:56.16,58.3 1 0
github.com/phaesoo/keybox/pkg/pem/pem.go:61.22,62.18 1 1
github.com/phaesoo/keybox/pkg/pem/pem.go:63.10,64.8 1 0
github.com/phaesoo/keybox/internal/services/admin/server.go:19.41,21.2 1 0
github.com/phaesoo/keybox/internal/services/admin/server.go:23.103,25.16 2 0
github.com/phaesoo/keybox/internal/services/admin/server.go:28.2,30.8 1 0
github.com/phaesoo/keybox/internal/services/admin/server.go:25.16,27.3 1 0
github.com/phaesoo/keybox/internal/services/admin/server.go:33.109,34.76 1 0
github.com/phaesoo/keybox/internal/services/admin/server.go:37.2,37.35 1 0
github.com/phaesoo/keybox/internal/services/admin/server.go:34.76,36.3 1 0
github.com/phaesoo/keybox/internal/services/admin/service.go:22.37,24.2 1 2
github.com/phaesoo/keybox/internal/services/admin/service.go:26.83,30.16 3 1
github.com/phaesoo/keybox/internal/services/admin/service.go:34.2,41.56 2 1
github.com/phaesoo/keybox/internal/services/admin/service.go:45.2,45.27 1 1
github.com/phaesoo/keybox/internal/services/admin/service.go:30.16,32.3 1 0
github.com/phaesoo/keybox/internal/services/admin/service.go:41.56,43.3 1 0
github.com/phaesoo/keybox/internal/services/admin/service.go:48.82,50.2 1 1
github.com/phaesoo/keybox/internal/repo/cache/auth_key.go:15.47,17.2 1 5
github.com/phaesoo/keybox/internal/repo/cache/auth_key.go:19.71,26.16 5 2
github.com/phaesoo/keybox/internal/repo/cache/auth_key.go:30.2,31.56 2 2
github.com/phaesoo/keybox/internal/repo/cache/auth_key.go:37.2,39.16 3 1
github.com/phaesoo/keybox/internal/repo/cache/auth_key.go:43.2,43.21 1 1
github.com/phaesoo/keybox/internal/repo/cache/auth_key.go:26.16,28.3 1 0
github.com/phaesoo/keybox/internal/repo/cache/auth_key.go:31.56,33.3 1 0
github.com/phaesoo/keybox/internal/repo/cache/auth_key.go:33.8,33.42 1 2
github.com/phaesoo/keybox/internal/repo/cache/auth_key.go:33.42,35.3 1 1
github.com/phaesoo/keybox/internal/repo/cache/auth_key.go:39.16,41.3 1 0
github.com/phaesoo/keybox/internal/repo/cache/auth_key.go:46.67,55.16 7 2
github.com/phaesoo/keybox/internal/repo/cache/auth_key.go:59.2,60.16 2 2
github.com/phaesoo/keybox/internal/repo/cache/auth_key.go:64.2,65.16 2 2
github.com/phaesoo/keybox/internal/repo/cache/auth_key.go:69.2,69.12 1 2
github.com/phaesoo/keybox/internal/repo/cache/auth_key.go:55.16,57.3 1 0
github.com/phaesoo/keybox/internal/repo/cache/auth_key.go:60.16,62.3 1 0
github.com/phaesoo/keybox/internal/repo/cache/auth_key.go:65.16,67.3 1 0
github.com/phaesoo/keybox/internal/repo/cache/auth_key.go:72.59,79.16 5 0
github.com/phaesoo/keybox/internal/repo/cache/auth_key.go:83.2,83.12 1 0
github.com/phaesoo/keybox/internal/repo/cache/auth_key.go:79.16,81.3 1 0
github.com/phaesoo/keybox/internal/repo/cache/cache.go:14.58,16.16 2 1
github.com/phaesoo/keybox/internal/repo/cache/cache.go:19.2,19.43 1 1
github.com/phaesoo/keybox/internal/repo/cache/cache.go:16.16,17.13 1 0
github.com/phaesoo/keybox/internal/repo/cache/testsuite.go:16.47,17.27 1 0
github.com/phaesoo/keybox/internal/repo/cache/testsuite.go:17.27,20.3 2 0
github.com/phaesoo/keybox/internal/repo/cache/testsuite.go:23.34,36.2 3 1
github.com/phaesoo/keybox/internal/repo/cache/testsuite.go:38.37,42.2 3 1
