mode: atomic
github.com/phaesoo/keybox/pkg/encrypt/encrypt.go:17.51,18.20 1 1
github.com/phaesoo/keybox/pkg/encrypt/encrypt.go:22.2,23.16 2 1
github.com/phaesoo/keybox/pkg/encrypt/encrypt.go:26.2,26.31 1 1
github.com/phaesoo/keybox/pkg/encrypt/encrypt.go:18.20,20.3 1 0
github.com/phaesoo/keybox/pkg/encrypt/encrypt.go:23.16,25.3 1 0
github.com/phaesoo/keybox/pkg/encrypt/encrypt.go:29.63,34.16 4 1
github.com/phaesoo/keybox/pkg/encrypt/encrypt.go:38.2,41.65 3 1
github.com/phaesoo/keybox/pkg/encrypt/encrypt.go:34.16,36.3 1 0
github.com/phaesoo/keybox/pkg/encrypt/encrypt.go:44.63,46.16 2 1
github.com/phaesoo/keybox/pkg/encrypt/encrypt.go:49.2,56.58 6 1
github.com/phaesoo/keybox/pkg/encrypt/encrypt.go:46.16,48.3 1 0
github.com/phaesoo/keybox/internal/repo/cache/auth_key.go:15.47,17.2 1 5
github.com/phaesoo/keybox/internal/repo/cache/auth_key.go:19.71,26.16 5 2
github.com/phaesoo/keybox/internal/repo/cache/auth_key.go:30.2,31.56 2 2
github.com/phaesoo/keybox/internal/repo/cache/auth_key.go:37.2,39.16 3 1
github.com/phaesoo/keybox/internal/repo/cache/auth_key.go:43.2,43.21 1 1
github.com/phaesoo/keybox/internal/repo/cache/auth_key.go:26.16,28.3 1 0
github.com/phaesoo/keybox/internal/repo/cache/auth_key.go:31.56,33.3 1 0
github.com/phaesoo/keybox/internal/repo/cache/auth_key.go:33.8,33.42 1 2
github.com/phaesoo/keybox/internal/repo/cache/auth_key.go:33.42,35.3 1 1
github.com/phaesoo/keybox/internal/repo/cache/auth_key.go:39.16,41.3 1 0
github.com/phaesoo/keybox/internal/repo/cache/auth_key.go:46.67,55.16 7 2
github.com/phaesoo/keybox/internal/repo/cache/auth_key.go:59.2,60.16 2 2
github.com/phaesoo/keybox/internal/repo/cache/auth_key.go:64.2,65.16 2 2
github.com/phaesoo/keybox/internal/repo/cache/auth_key.go:69.2,69.12 1 2
github.com/phaesoo/keybox/internal/repo/cache/auth_key.go:55.16,57.3 1 0
github.com/phaesoo/keybox/internal/repo/cache/auth_key.go:60.16,62.3 1 0
github.com/phaesoo/keybox/internal/repo/cache/auth_key.go:65.16,67.3 1 0
github.com/phaesoo/keybox/internal/repo/cache/auth_key.go:72.59,79.16 5 0
github.com/phaesoo/keybox/internal/repo/cache/auth_key.go:83.2,83.12 1 0
github.com/phaesoo/keybox/internal/repo/cache/auth_key.go:79.16,81.3 1 0
github.com/phaesoo/keybox/internal/repo/cache/cache.go:14.58,16.16 2 1
github.com/phaesoo/keybox/internal/repo/cache/cache.go:19.2,19.43 1 1
github.com/phaesoo/keybox/internal/repo/cache/cache.go:16.16,17.13 1 0
github.com/phaesoo/keybox/internal/repo/cache/testsuite.go:16.47,17.27 1 0
github.com/phaesoo/keybox/internal/repo/cache/testsuite.go:17.27,20.3 2 0
github.com/phaesoo/keybox/internal/repo/cache/testsuite.go:23.34,36.2 3 1
github.com/phaesoo/keybox/internal/repo/cache/testsuite.go:38.37,42.2 3 1
